[debug] [2022-08-26T16:07:55.037Z] ----------------------------------------------------------------------
[debug] [2022-08-26T16:07:55.040Z] Command:       C:\Program Files\nodejs\node.exe C:\Users\Swayangdipta\AppData\Roaming\npm\node_modules\firebase-tools\lib\bin\firebase.js init hosting
[debug] [2022-08-26T16:07:55.041Z] CLI Version:   11.8.0
[debug] [2022-08-26T16:07:55.041Z] Platform:      win32
[debug] [2022-08-26T16:07:55.041Z] Node Version:  v16.15.1
[debug] [2022-08-26T16:07:55.042Z] Time:          Fri Aug 26 2022 21:37:55 GMT+0530 (India Standard Time)
[debug] [2022-08-26T16:07:55.043Z] ----------------------------------------------------------------------
[debug] 
[debug] [2022-08-26T16:07:55.055Z] > command requires scopes: ["email","openid","https://www.googleapis.com/auth/cloudplatformprojects.readonly","https://www.googleapis.com/auth/firebase","https://www.googleapis.com/auth/cloud-platform"]
[debug] [2022-08-26T16:07:55.056Z] > authorizing via signed-in user (swayangdiptacc@gmail.com)
[info] 
     ######## #### ########  ######## ########     ###     ######  ########
     ##        ##  ##     ## ##       ##     ##  ##   ##  ##       ##
     ######    ##  ########  ######   ########  #########  ######  ######
     ##        ##  ##    ##  ##       ##     ## ##     ##       ## ##
     ##       #### ##     ## ######## ########  ##     ##  ######  ########

You're about to initialize a Firebase project in this directory:

  D:\MERN\IWatchedIt\backend

[info] 
=== Project Setup
[info] 
[info] First, let's associate this project directory with a Firebase project.
[info] You can create multiple project aliases by running firebase use --add, 
[info] but for now we'll just set up a default project.
[info] 
[debug] [2022-08-26T16:08:04.042Z] > refreshing access token with scopes: []
[debug] [2022-08-26T16:08:04.045Z] >>> [apiv2][query] POST https://www.googleapis.com/oauth2/v3/token [none]
[debug] [2022-08-26T16:08:04.046Z] >>> [apiv2][body] POST https://www.googleapis.com/oauth2/v3/token [omitted]
[debug] [2022-08-26T16:08:07.155Z] <<< [apiv2][status] POST https://www.googleapis.com/oauth2/v3/token 200
[debug] [2022-08-26T16:08:07.155Z] <<< [apiv2][body] POST https://www.googleapis.com/oauth2/v3/token [omitted]
[debug] [2022-08-26T16:08:07.224Z] >>> [apiv2][query] GET https://firebase.googleapis.com/v1beta1/projects pageSize=100
[debug] [2022-08-26T16:08:08.443Z] <<< [apiv2][status] GET https://firebase.googleapis.com/v1beta1/projects 200
[debug] [2022-08-26T16:08:08.443Z] <<< [apiv2][body] GET https://firebase.googleapis.com/v1beta1/projects [omitted]
[info] i  Using project watchlist-7b520 (watchlist) 
[info] 
=== Hosting Setup
[info] 
[info] Your public directory is the folder (relative to your project directory) that
[info] will contain Hosting assets to be uploaded with firebase deploy. If you
[info] have a build process for your assets, use your build's output directory.
[info] 
[info] +  Wrote public/404.html 
[debug] [2022-08-26T16:10:47.217Z] >>> [apiv2][query] GET https://www.gstatic.com/firebasejs/releases.json [none]
[debug] [2022-08-26T16:10:47.990Z] <<< [apiv2][status] GET https://www.gstatic.com/firebasejs/releases.json 200
[debug] [2022-08-26T16:10:47.991Z] <<< [apiv2][body] GET https://www.gstatic.com/firebasejs/releases.json {"current":{"version":"9.9.3","browserURL":"https://www.gstatic.com/firebasejs/9.9.3/firebase.js","packageURL":"https://www.gstatic.com/firebasejs/9.9.3/firebase.tgz"},"live":{"version":"9.9","browserURL":"https://www.gstatic.com/firebasejs/live/9.9/firebase.js","packageURL":"https://www.gstatic.com/firebasejs/live/9.9/firebase.tgz"},"components":{"analytics":"https://www.gstatic.com/firebasejs/9.9.3/firebase-analytics.js","app":"https://www.gstatic.com/firebasejs/9.9.3/firebase-app.js","app-check":"https://www.gstatic.com/firebasejs/9.9.3/firebase-app-check.js","auth":"https://www.gstatic.com/firebasejs/9.9.3/firebase-auth.js","auth/cordova":"https://www.gstatic.com/firebasejs/9.9.3/firebase-auth/cordova.js","auth/react-native":"https://www.gstatic.com/firebasejs/9.9.3/firebase-auth/react-native.js","functions":"https://www.gstatic.com/firebasejs/9.9.3/firebase-functions.js","firestore":"https://www.gstatic.com/firebasejs/9.9.3/firebase-firestore.js","firestore/lite":"https://www.gstatic.com/firebasejs/9.9.3/firebase-firestore/lite.js","installations":"https://www.gstatic.com/firebasejs/9.9.3/firebase-installations.js","storage":"https://www.gstatic.com/firebasejs/9.9.3/firebase-storage.js","performance":"https://www.gstatic.com/firebasejs/9.9.3/firebase-performance.js","remote-config":"https://www.gstatic.com/firebasejs/9.9.3/firebase-remote-config.js","messaging":"https://www.gstatic.com/firebasejs/9.9.3/firebase-messaging.js","messaging/sw":"https://www.gstatic.com/firebasejs/9.9.3/firebase-messaging/sw.js","database":"https://www.gstatic.com/firebasejs/9.9.3/firebase-database.js","firestore.memory":"https://www.gstatic.com/firebasejs/9.9.3/firebase-firestore.memory.js"}}
[info] +  Wrote public/index.html 
[info] 
[info] i  Didn't detect a .git folder. Assuming D:\MERN\IWatchedIt\backend is the project root. 
[info] i  Authorizing with GitHub to upload your service account to a GitHub repository's secrets store. 
[info] 
[info] Visit this URL on this device to log in:
[info] https://github.com/login/oauth/authorize?client_id=89cf50f02ac6aaed3484&state=17617364&redirect_uri=http%3A%2F%2Flocalhost%3A9005&scope=read%3Auser%20repo%20public_repo
[info] 
[info] Waiting for authentication...
[debug] [2022-08-26T16:11:05.772Z] >>> [apiv2][query] POST https://github.com/login/oauth/access_token [none]
[debug] [2022-08-26T16:11:05.772Z] >>> [apiv2][body] POST https://github.com/login/oauth/access_token [stream]
[debug] [2022-08-26T16:11:06.638Z] <<< [apiv2][status] POST https://github.com/login/oauth/access_token 200
[debug] [2022-08-26T16:11:06.638Z] <<< [apiv2][body] POST https://github.com/login/oauth/access_token {"access_token":"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","token_type":"bearer","scope":"read:user,repo"}
[debug] [2022-08-26T16:11:06.673Z] >>> [apiv2][query] GET https://api.github.com/user [none]
[debug] [2022-08-26T16:11:07.303Z] <<< [apiv2][status] GET https://api.github.com/user 200
[debug] [2022-08-26T16:11:07.304Z] <<< [apiv2][body] GET https://api.github.com/user {"login":"Swayangdipta","id":31970602,"node_id":"MDQ6VXNlcjMxOTcwNjAy","avatar_url":"https://avatars.githubusercontent.com/u/31970602?v=4","gravatar_id":"","url":"https://api.github.com/users/Swayangdipta","html_url":"https://github.com/Swayangdipta","followers_url":"https://api.github.com/users/Swayangdipta/followers","following_url":"https://api.github.com/users/Swayangdipta/following{/other_user}","gists_url":"https://api.github.com/users/Swayangdipta/gists{/gist_id}","starred_url":"https://api.github.com/users/Swayangdipta/starred{/owner}{/repo}","subscriptions_url":"https://api.github.com/users/Swayangdipta/subscriptions","organizations_url":"https://api.github.com/users/Swayangdipta/orgs","repos_url":"https://api.github.com/users/Swayangdipta/repos","events_url":"https://api.github.com/users/Swayangdipta/events{/privacy}","received_events_url":"https://api.github.com/users/Swayangdipta/received_events","type":"User","site_admin":false,"name":"Swayangdipta Das","company":null,"blog":"","location":"India","email":null,"hireable":null,"bio":null,"twitter_username":null,"public_repos":32,"public_gists":0,"followers":0,"following":1,"created_at":"2017-09-14T19:51:19Z","updated_at":"2022-07-14T04:38:31Z","private_gists":0,"total_private_repos":8,"owned_private_repos":8,"disk_usage":475568,"collaborators":0,"two_factor_authentication":false,"plan":{"name":"free","space":976562499,"collaborators":0,"private_repos":10000}}
[info] 
[info] +  Success! Logged into GitHub as Swayangdipta 
[info] 
